<?xml version="1.0" encoding="UTF-8"?>
<testsuites name="Claude-Flow" tests="1" errors="1" failures="1" time="3.943">
    <testsuite name="unit" tests="1" errors="1" failures="1" time="3.943">
      <testcase name="unit-tests" classname="Claude-Flow.unit" time="3.943">
        <failure message="Test suite failed" type="TestFailure">Test suite execution failed</failure>
      </testcase>
    </testsuite>
</testsuites>